{"C:\\Users\\rebed\\OneDrive\\Documentos\\EbacProyects\\Voxflix-V2\\VoxFlix-Plus\\src\\assets\\VoxBanner.png": {"path":"C:\\Users\\rebed\\OneDrive\\Documentos\\EbacProyects\\Voxflix-V2\\VoxFlix-Plus\\src\\assets\\VoxBanner.png","statementMap":{},"fnMap":{},"branchMap":{},"s":{},"f":{},"b":{},"meta":{"lastBranch":0,"lastFunction":0,"lastStatement":0,"seen":{},"fnNames":{}}}
,"C:\\Users\\rebed\\OneDrive\\Documentos\\EbacProyects\\Voxflix-V2\\VoxFlix-Plus\\src\\assets\\Voxflix_Logo.png": {"path":"C:\\Users\\rebed\\OneDrive\\Documentos\\EbacProyects\\Voxflix-V2\\VoxFlix-Plus\\src\\assets\\Voxflix_Logo.png","statementMap":{},"fnMap":{},"branchMap":{},"s":{},"f":{},"b":{},"meta":{"lastBranch":0,"lastFunction":0,"lastStatement":0,"seen":{},"fnNames":{}}}
,"C:\\Users\\rebed\\OneDrive\\Documentos\\EbacProyects\\Voxflix-V2\\VoxFlix-Plus\\src\\assets\\arrow-left-back.svg": {"path":"C:\\Users\\rebed\\OneDrive\\Documentos\\EbacProyects\\Voxflix-V2\\VoxFlix-Plus\\src\\assets\\arrow-left-back.svg","statementMap":{},"fnMap":{},"branchMap":{},"s":{},"f":{},"b":{},"meta":{"lastBranch":0,"lastFunction":0,"lastStatement":0,"seen":{},"fnNames":{}}}
,"C:\\Users\\rebed\\OneDrive\\Documentos\\EbacProyects\\Voxflix-V2\\VoxFlix-Plus\\src\\assets\\refresh-ccw.svg": {"path":"C:\\Users\\rebed\\OneDrive\\Documentos\\EbacProyects\\Voxflix-V2\\VoxFlix-Plus\\src\\assets\\refresh-ccw.svg","statementMap":{},"fnMap":{},"branchMap":{},"s":{},"f":{},"b":{},"meta":{"lastBranch":0,"lastFunction":0,"lastStatement":0,"seen":{},"fnNames":{}}}
,"C:\\Users\\rebed\\OneDrive\\Documentos\\EbacProyects\\Voxflix-V2\\VoxFlix-Plus\\src\\assets\\search.svg": {"path":"C:\\Users\\rebed\\OneDrive\\Documentos\\EbacProyects\\Voxflix-V2\\VoxFlix-Plus\\src\\assets\\search.svg","statementMap":{},"fnMap":{},"branchMap":{},"s":{},"f":{},"b":{},"meta":{"lastBranch":0,"lastFunction":0,"lastStatement":0,"seen":{},"fnNames":{}}}
,"C:\\Users\\rebed\\OneDrive\\Documentos\\EbacProyects\\Voxflix-V2\\VoxFlix-Plus\\src\\assets\\user.svg": {"path":"C:\\Users\\rebed\\OneDrive\\Documentos\\EbacProyects\\Voxflix-V2\\VoxFlix-Plus\\src\\assets\\user.svg","statementMap":{},"fnMap":{},"branchMap":{},"s":{},"f":{},"b":{},"meta":{"lastBranch":0,"lastFunction":0,"lastStatement":0,"seen":{},"fnNames":{}}}
,"C:\\Users\\rebed\\OneDrive\\Documentos\\EbacProyects\\Voxflix-V2\\VoxFlix-Plus\\src\\components\\BannerSearch\\index.jsx": {"path":"C:\\Users\\rebed\\OneDrive\\Documentos\\EbacProyects\\Voxflix-V2\\VoxFlix-Plus\\src\\components\\BannerSearch\\index.jsx","statementMap":{"0":{"start":{"line":7,"column":6},"end":{"line":32,"column":null}},"1":{"start":{"line":8,"column":10},"end":{"line":8,"column":null}},"2":{"start":{"line":9,"column":10},"end":{"line":9,"column":null}},"3":{"start":{"line":11,"column":4},"end":{"line":30,"column":null}},"4":{"start":{"line":17,"column":56},"end":{"line":17,"column":123}},"5":{"start":{"line":21,"column":53},"end":{"line":21,"column":79}}},"fnMap":{"0":{"name":"(anonymous_0)","decl":{"start":{"line":7,"column":6},"end":{"line":7,"column":27}},"loc":{"start":{"line":7,"column":27},"end":{"line":32,"column":null}},"line":7},"1":{"name":"(anonymous_1)","decl":{"start":{"line":17,"column":41},"end":{"line":17,"column":56}},"loc":{"start":{"line":17,"column":56},"end":{"line":17,"column":123}},"line":17},"2":{"name":"(anonymous_2)","decl":{"start":{"line":21,"column":38},"end":{"line":21,"column":53}},"loc":{"start":{"line":21,"column":53},"end":{"line":21,"column":79}},"line":21}},"branchMap":{},"s":{"0":1,"1":2,"2":2,"3":2,"4":0,"5":1},"f":{"0":2,"1":0,"2":1},"b":{},"meta":{"lastBranch":0,"lastFunction":3,"lastStatement":6,"seen":{"s:7:6:32:Infinity":0,"f:7:6:7:27":0,"s:8:10:8:Infinity":1,"s:9:10:9:Infinity":2,"s:11:4:30:Infinity":3,"f:17:41:17:56":1,"s:17:56:17:123":4,"f:21:38:21:53":2,"s:21:53:21:79":5},"fnNames":{}}}
,"C:\\Users\\rebed\\OneDrive\\Documentos\\EbacProyects\\Voxflix-V2\\VoxFlix-Plus\\src\\components\\BannerSearch\\styles.js": {"path":"C:\\Users\\rebed\\OneDrive\\Documentos\\EbacProyects\\Voxflix-V2\\VoxFlix-Plus\\src\\components\\BannerSearch\\styles.js","statementMap":{"0":{"start":{"line":4,"column":15},"end":{"line":10,"column":null}},"1":{"start":{"line":28,"column":25},"end":{"line":28,"column":null}},"2":{"start":{"line":48,"column":22},"end":{"line":48,"column":null}},"3":{"start":{"line":56,"column":22},"end":{"line":56,"column":null}},"4":{"start":{"line":60,"column":20},"end":{"line":64,"column":null}},"5":{"start":{"line":64,"column":22},"end":{"line":64,"column":47}},"6":{"start":{"line":67,"column":24},"end":{"line":67,"column":null}},"7":{"start":{"line":73,"column":21},"end":{"line":73,"column":null}}},"fnMap":{"0":{"name":"(anonymous_0)","decl":{"start":{"line":64,"column":13},"end":{"line":64,"column":22}},"loc":{"start":{"line":64,"column":22},"end":{"line":64,"column":47}},"line":64}},"branchMap":{},"s":{"0":1,"1":1,"2":1,"3":1,"4":1,"5":2,"6":1,"7":1},"f":{"0":2},"b":{},"meta":{"lastBranch":0,"lastFunction":1,"lastStatement":8,"seen":{"s:4:15:10:Infinity":0,"s:28:25:28:Infinity":1,"s:48:22:48:Infinity":2,"s:56:22:56:Infinity":3,"s:60:20:64:Infinity":4,"f:64:13:64:22":0,"s:64:22:64:47":5,"s:67:24:67:Infinity":6,"s:73:21:73:Infinity":7},"fnNames":{}}}
,"C:\\Users\\rebed\\OneDrive\\Documentos\\EbacProyects\\Voxflix-V2\\VoxFlix-Plus\\src\\components\\Carousel\\carouselTitles.js": {"path":"C:\\Users\\rebed\\OneDrive\\Documentos\\EbacProyects\\Voxflix-V2\\VoxFlix-Plus\\src\\components\\Carousel\\carouselTitles.js","statementMap":{"0":{"start":{"line":1,"column":30},"end":{"line":97,"column":null}}},"fnMap":{},"branchMap":{},"s":{"0":2},"f":{},"b":{},"meta":{"lastBranch":0,"lastFunction":0,"lastStatement":1,"seen":{"s:1:30:97:Infinity":0},"fnNames":{}}}
,"C:\\Users\\rebed\\OneDrive\\Documentos\\EbacProyects\\Voxflix-V2\\VoxFlix-Plus\\src\\components\\Carousel\\index.jsx": {"path":"C:\\Users\\rebed\\OneDrive\\Documentos\\EbacProyects\\Voxflix-V2\\VoxFlix-Plus\\src\\components\\Carousel\\index.jsx","statementMap":{"0":{"start":{"line":8,"column":20},"end":{"line":8,"column":null}},"1":{"start":{"line":10,"column":6},"end":{"line":63,"column":null}},"2":{"start":{"line":11,"column":10},"end":{"line":13,"column":null}},"3":{"start":{"line":12,"column":17},"end":{"line":12,"column":null}},"4":{"start":{"line":15,"column":10},"end":{"line":17,"column":null}},"5":{"start":{"line":16,"column":17},"end":{"line":16,"column":null}},"6":{"start":{"line":19,"column":10},"end":{"line":21,"column":null}},"7":{"start":{"line":20,"column":17},"end":{"line":20,"column":null}},"8":{"start":{"line":23,"column":10},"end":{"line":23,"column":null}},"9":{"start":{"line":25,"column":4},"end":{"line":27,"column":null}},"10":{"start":{"line":26,"column":8},"end":{"line":26,"column":null}},"11":{"start":{"line":29,"column":24},"end":{"line":29,"column":null}},"12":{"start":{"line":29,"column":52},"end":{"line":29,"column":71}},"13":{"start":{"line":30,"column":18},"end":{"line":30,"column":null}},"14":{"start":{"line":32,"column":4},"end":{"line":61,"column":null}},"15":{"start":{"line":49,"column":55},"end":{"line":49,"column":null}},"16":{"start":{"line":51,"column":20},"end":{"line":57,"column":null}}},"fnMap":{"0":{"name":"(anonymous_0)","decl":{"start":{"line":10,"column":6},"end":{"line":10,"column":18}},"loc":{"start":{"line":10,"column":30},"end":{"line":63,"column":null}},"line":10},"1":{"name":"(anonymous_1)","decl":{"start":{"line":11,"column":19},"end":{"line":11,"column":null}},"loc":{"start":{"line":12,"column":17},"end":{"line":12,"column":null}},"line":12},"2":{"name":"(anonymous_2)","decl":{"start":{"line":15,"column":22},"end":{"line":15,"column":null}},"loc":{"start":{"line":16,"column":17},"end":{"line":16,"column":null}},"line":16},"3":{"name":"(anonymous_3)","decl":{"start":{"line":19,"column":18},"end":{"line":19,"column":null}},"loc":{"start":{"line":20,"column":17},"end":{"line":20,"column":null}},"line":20},"4":{"name":"(anonymous_4)","decl":{"start":{"line":25,"column":4},"end":{"line":25,"column":20}},"loc":{"start":{"line":25,"column":20},"end":{"line":27,"column":7}},"line":25},"5":{"name":"(anonymous_5)","decl":{"start":{"line":29,"column":39},"end":{"line":29,"column":44}},"loc":{"start":{"line":29,"column":52},"end":{"line":29,"column":71}},"line":29},"6":{"name":"(anonymous_6)","decl":{"start":{"line":48,"column":48},"end":{"line":48,"column":53}},"loc":{"start":{"line":48,"column":63},"end":{"line":59,"column":17}},"line":48}},"branchMap":{"0":{"loc":{"start":{"line":12,"column":17},"end":{"line":12,"column":null}},"type":"binary-expr","locations":[{"start":{"line":12,"column":17},"end":{"line":12,"column":62}},{"start":{"line":12,"column":62},"end":{"line":12,"column":null}}],"line":12},"1":{"loc":{"start":{"line":16,"column":17},"end":{"line":16,"column":null}},"type":"binary-expr","locations":[{"start":{"line":16,"column":17},"end":{"line":16,"column":63}},{"start":{"line":16,"column":63},"end":{"line":16,"column":null}}],"line":16},"2":{"loc":{"start":{"line":20,"column":17},"end":{"line":20,"column":null}},"type":"binary-expr","locations":[{"start":{"line":20,"column":17},"end":{"line":20,"column":61}},{"start":{"line":20,"column":61},"end":{"line":20,"column":null}}],"line":20},"3":{"loc":{"start":{"line":30,"column":18},"end":{"line":30,"column":null}},"type":"cond-expr","locations":[{"start":{"line":30,"column":26},"end":{"line":30,"column":46}},{"start":{"line":30,"column":46},"end":{"line":30,"column":null}}],"line":30},"4":{"loc":{"start":{"line":36,"column":17},"end":{"line":37,"column":null}},"type":"binary-expr","locations":[{"start":{"line":36,"column":17},"end":{"line":36,"column":null}},{"start":{"line":37,"column":20},"end":{"line":37,"column":null}}],"line":36},"5":{"loc":{"start":{"line":40,"column":17},"end":{"line":41,"column":null}},"type":"binary-expr","locations":[{"start":{"line":40,"column":17},"end":{"line":40,"column":null}},{"start":{"line":41,"column":20},"end":{"line":41,"column":null}}],"line":40},"6":{"loc":{"start":{"line":44,"column":17},"end":{"line":45,"column":null}},"type":"binary-expr","locations":[{"start":{"line":44,"column":17},"end":{"line":44,"column":31}},{"start":{"line":44,"column":31},"end":{"line":44,"column":41}},{"start":{"line":44,"column":41},"end":{"line":44,"column":null}},{"start":{"line":45,"column":20},"end":{"line":45,"column":null}}],"line":44},"7":{"loc":{"start":{"line":48,"column":17},"end":{"line":59,"column":null}},"type":"binary-expr","locations":[{"start":{"line":48,"column":17},"end":{"line":48,"column":31}},{"start":{"line":48,"column":31},"end":{"line":48,"column":41}},{"start":{"line":48,"column":41},"end":{"line":59,"column":null}}],"line":48}},"s":{"0":2,"1":2,"2":13,"3":31,"4":13,"5":31,"6":13,"7":31,"8":13,"9":13,"10":10,"11":13,"12":68,"13":13,"14":13,"15":2,"16":2},"f":{"0":13,"1":31,"2":31,"3":31,"4":10,"5":68,"6":2},"b":{"0":[31,23],"1":[31,8],"2":[31,29],"3":[13,0],"4":[13,7],"5":[13,1],"6":[13,6,5,4],"7":[13,6,5]},"meta":{"lastBranch":8,"lastFunction":7,"lastStatement":17,"seen":{"s:8:20:8:Infinity":0,"s:10:6:63:Infinity":1,"f:10:6:10:18":0,"s:11:10:13:Infinity":2,"f:11:19:11:Infinity":1,"s:12:17:12:Infinity":3,"b:12:17:12:62:12:62:12:Infinity":0,"s:15:10:17:Infinity":4,"f:15:22:15:Infinity":2,"s:16:17:16:Infinity":5,"b:16:17:16:63:16:63:16:Infinity":1,"s:19:10:21:Infinity":6,"f:19:18:19:Infinity":3,"s:20:17:20:Infinity":7,"b:20:17:20:61:20:61:20:Infinity":2,"s:23:10:23:Infinity":8,"s:25:4:27:Infinity":9,"f:25:4:25:20":4,"s:26:8:26:Infinity":10,"s:29:24:29:Infinity":11,"f:29:39:29:44":5,"s:29:52:29:71":12,"s:30:18:30:Infinity":13,"b:30:26:30:46:30:46:30:Infinity":3,"s:32:4:61:Infinity":14,"b:36:17:36:Infinity:37:20:37:Infinity":4,"b:40:17:40:Infinity:41:20:41:Infinity":5,"b:44:17:44:31:44:31:44:41:44:41:44:Infinity:45:20:45:Infinity":6,"b:48:17:48:31:48:31:48:41:48:41:59:Infinity":7,"f:48:48:48:53":6,"s:49:55:49:Infinity":15,"s:51:20:57:Infinity":16},"fnNames":{}}}
,"C:\\Users\\rebed\\OneDrive\\Documentos\\EbacProyects\\Voxflix-V2\\VoxFlix-Plus\\src\\components\\Carousel\\styles.js": {"path":"C:\\Users\\rebed\\OneDrive\\Documentos\\EbacProyects\\Voxflix-V2\\VoxFlix-Plus\\src\\components\\Carousel\\styles.js","statementMap":{"0":{"start":{"line":3,"column":24},"end":{"line":3,"column":null}},"1":{"start":{"line":7,"column":21},"end":{"line":7,"column":null}}},"fnMap":{},"branchMap":{},"s":{"0":2,"1":2},"f":{},"b":{},"meta":{"lastBranch":0,"lastFunction":0,"lastStatement":2,"seen":{"s:3:24:3:Infinity":0,"s:7:21:7:Infinity":1},"fnNames":{}}}
,"C:\\Users\\rebed\\OneDrive\\Documentos\\EbacProyects\\Voxflix-V2\\VoxFlix-Plus\\src\\components\\Header\\index.jsx": {"path":"C:\\Users\\rebed\\OneDrive\\Documentos\\EbacProyects\\Voxflix-V2\\VoxFlix-Plus\\src\\components\\Header\\index.jsx","statementMap":{"0":{"start":{"line":6,"column":6},"end":{"line":16,"column":null}},"1":{"start":{"line":7,"column":10},"end":{"line":7,"column":null}},"2":{"start":{"line":9,"column":4},"end":{"line":14,"column":null}},"3":{"start":{"line":13,"column":36},"end":{"line":13,"column":52}}},"fnMap":{"0":{"name":"(anonymous_0)","decl":{"start":{"line":6,"column":6},"end":{"line":6,"column":21}},"loc":{"start":{"line":6,"column":21},"end":{"line":16,"column":null}},"line":6},"1":{"name":"(anonymous_1)","decl":{"start":{"line":13,"column":21},"end":{"line":13,"column":36}},"loc":{"start":{"line":13,"column":36},"end":{"line":13,"column":52}},"line":13}},"branchMap":{},"s":{"0":1,"1":1,"2":1,"3":0},"f":{"0":1,"1":0},"b":{},"meta":{"lastBranch":0,"lastFunction":2,"lastStatement":4,"seen":{"s:6:6:16:Infinity":0,"f:6:6:6:21":0,"s:7:10:7:Infinity":1,"s:9:4:14:Infinity":2,"f:13:21:13:36":1,"s:13:36:13:52":3},"fnNames":{}}}
,"C:\\Users\\rebed\\OneDrive\\Documentos\\EbacProyects\\Voxflix-V2\\VoxFlix-Plus\\src\\components\\Header\\styles.js": {"path":"C:\\Users\\rebed\\OneDrive\\Documentos\\EbacProyects\\Voxflix-V2\\VoxFlix-Plus\\src\\components\\Header\\styles.js","statementMap":{"0":{"start":{"line":3,"column":20},"end":{"line":8,"column":null}},"1":{"start":{"line":8,"column":33},"end":{"line":8,"column":59}},"2":{"start":{"line":14,"column":16},"end":{"line":14,"column":null}}},"fnMap":{"0":{"name":"(anonymous_0)","decl":{"start":{"line":8,"column":24},"end":{"line":8,"column":33}},"loc":{"start":{"line":8,"column":33},"end":{"line":8,"column":59}},"line":8}},"branchMap":{},"s":{"0":1,"1":1,"2":1},"f":{"0":1},"b":{},"meta":{"lastBranch":0,"lastFunction":1,"lastStatement":3,"seen":{"s:3:20:8:Infinity":0,"f:8:24:8:33":0,"s:8:33:8:59":1,"s:14:16:14:Infinity":2},"fnNames":{}}}
,"C:\\Users\\rebed\\OneDrive\\Documentos\\EbacProyects\\Voxflix-V2\\VoxFlix-Plus\\src\\components\\Movie\\index.jsx": {"path":"C:\\Users\\rebed\\OneDrive\\Documentos\\EbacProyects\\Voxflix-V2\\VoxFlix-Plus\\src\\components\\Movie\\index.jsx","statementMap":{"0":{"start":{"line":4,"column":6},"end":{"line":13,"column":null}},"1":{"start":{"line":5,"column":4},"end":{"line":11,"column":null}}},"fnMap":{"0":{"name":"(anonymous_0)","decl":{"start":{"line":4,"column":6},"end":{"line":4,"column":15}},"loc":{"start":{"line":4,"column":46},"end":{"line":13,"column":null}},"line":4}},"branchMap":{},"s":{"0":3,"1":20},"f":{"0":20},"b":{},"meta":{"lastBranch":0,"lastFunction":1,"lastStatement":2,"seen":{"s:4:6:13:Infinity":0,"f:4:6:4:15":0,"s:5:4:11:Infinity":1},"fnNames":{}}}
,"C:\\Users\\rebed\\OneDrive\\Documentos\\EbacProyects\\Voxflix-V2\\VoxFlix-Plus\\src\\components\\Movie\\styles.js": {"path":"C:\\Users\\rebed\\OneDrive\\Documentos\\EbacProyects\\Voxflix-V2\\VoxFlix-Plus\\src\\components\\Movie\\styles.js","statementMap":{"0":{"start":{"line":3,"column":20},"end":{"line":3,"column":null}},"1":{"start":{"line":13,"column":18},"end":{"line":13,"column":null}}},"fnMap":{},"branchMap":{},"s":{"0":3,"1":3},"f":{},"b":{},"meta":{"lastBranch":0,"lastFunction":0,"lastStatement":2,"seen":{"s:3:20:3:Infinity":0,"s:13:18:13:Infinity":1},"fnNames":{}}}
,"C:\\Users\\rebed\\OneDrive\\Documentos\\EbacProyects\\Voxflix-V2\\VoxFlix-Plus\\src\\components\\MovieDetails\\index.jsx": {"path":"C:\\Users\\rebed\\OneDrive\\Documentos\\EbacProyects\\Voxflix-V2\\VoxFlix-Plus\\src\\components\\MovieDetails\\index.jsx","statementMap":{"0":{"start":{"line":6,"column":6},"end":{"line":66,"column":null}},"1":{"start":{"line":7,"column":11},"end":{"line":7,"column":null}},"2":{"start":{"line":8,"column":10},"end":{"line":8,"column":null}},"3":{"start":{"line":10,"column":18},"end":{"line":10,"column":null}},"4":{"start":{"line":11,"column":20},"end":{"line":11,"column":null}},"5":{"start":{"line":12,"column":18},"end":{"line":12,"column":null}},"6":{"start":{"line":14,"column":4},"end":{"line":34,"column":null}},"7":{"start":{"line":15,"column":25},"end":{"line":31,"column":null}},"8":{"start":{"line":16,"column":12},"end":{"line":30,"column":null}},"9":{"start":{"line":17,"column":16},"end":{"line":17,"column":null}},"10":{"start":{"line":19,"column":38},"end":{"line":21,"column":null}},"11":{"start":{"line":23,"column":16},"end":{"line":23,"column":null}},"12":{"start":{"line":25,"column":16},"end":{"line":25,"column":null}},"13":{"start":{"line":28,"column":16},"end":{"line":28,"column":null}},"14":{"start":{"line":29,"column":16},"end":{"line":29,"column":null}},"15":{"start":{"line":33,"column":8},"end":{"line":33,"column":null}},"16":{"start":{"line":36,"column":4},"end":{"line":64,"column":null}},"17":{"start":{"line":57,"column":90},"end":{"line":57,"column":105}}},"fnMap":{"0":{"name":"(anonymous_0)","decl":{"start":{"line":6,"column":6},"end":{"line":6,"column":27}},"loc":{"start":{"line":6,"column":27},"end":{"line":66,"column":null}},"line":6},"1":{"name":"(anonymous_1)","decl":{"start":{"line":14,"column":4},"end":{"line":14,"column":20}},"loc":{"start":{"line":14,"column":20},"end":{"line":34,"column":7}},"line":14},"2":{"name":"(anonymous_2)","decl":{"start":{"line":15,"column":25},"end":{"line":15,"column":37}},"loc":{"start":{"line":15,"column":37},"end":{"line":31,"column":null}},"line":15},"3":{"name":"(anonymous_3)","decl":{"start":{"line":57,"column":75},"end":{"line":57,"column":90}},"loc":{"start":{"line":57,"column":90},"end":{"line":57,"column":105}},"line":57}},"branchMap":{"0":{"loc":{"start":{"line":38,"column":9},"end":{"line":39,"column":null}},"type":"binary-expr","locations":[{"start":{"line":38,"column":9},"end":{"line":38,"column":null}},{"start":{"line":39,"column":12},"end":{"line":39,"column":null}}],"line":38},"1":{"loc":{"start":{"line":42,"column":9},"end":{"line":43,"column":null}},"type":"binary-expr","locations":[{"start":{"line":42,"column":9},"end":{"line":42,"column":null}},{"start":{"line":43,"column":12},"end":{"line":43,"column":null}}],"line":42},"2":{"loc":{"start":{"line":46,"column":9},"end":{"line":47,"column":null}},"type":"binary-expr","locations":[{"start":{"line":46,"column":9},"end":{"line":46,"column":21}},{"start":{"line":46,"column":21},"end":{"line":46,"column":31}},{"start":{"line":46,"column":31},"end":{"line":46,"column":null}},{"start":{"line":47,"column":12},"end":{"line":47,"column":null}}],"line":46},"3":{"loc":{"start":{"line":50,"column":9},"end":{"line":61,"column":null}},"type":"binary-expr","locations":[{"start":{"line":50,"column":9},"end":{"line":50,"column":21}},{"start":{"line":50,"column":21},"end":{"line":50,"column":31}},{"start":{"line":50,"column":31},"end":{"line":50,"column":null}},{"start":{"line":51,"column":12},"end":{"line":61,"column":null}}],"line":50}},"s":{"0":1,"1":6,"2":6,"3":6,"4":6,"5":6,"6":6,"7":2,"8":2,"9":2,"10":2,"11":2,"12":2,"13":0,"14":0,"15":2,"16":6,"17":1},"f":{"0":6,"1":2,"2":2,"3":1},"b":{"0":[6,2],"1":[6,0],"2":[6,4,4,2],"3":[6,4,4,2]},"meta":{"lastBranch":4,"lastFunction":4,"lastStatement":18,"seen":{"s:6:6:66:Infinity":0,"f:6:6:6:27":0,"s:7:11:7:Infinity":1,"s:8:10:8:Infinity":2,"s:10:18:10:Infinity":3,"s:11:20:11:Infinity":4,"s:12:18:12:Infinity":5,"s:14:4:34:Infinity":6,"f:14:4:14:20":1,"s:15:25:31:Infinity":7,"f:15:25:15:37":2,"s:16:12:30:Infinity":8,"s:17:16:17:Infinity":9,"s:19:38:21:Infinity":10,"s:23:16:23:Infinity":11,"s:25:16:25:Infinity":12,"s:28:16:28:Infinity":13,"s:29:16:29:Infinity":14,"s:33:8:33:Infinity":15,"s:36:4:64:Infinity":16,"b:38:9:38:Infinity:39:12:39:Infinity":0,"b:42:9:42:Infinity:43:12:43:Infinity":1,"b:46:9:46:21:46:21:46:31:46:31:46:Infinity:47:12:47:Infinity":2,"b:50:9:50:21:50:21:50:31:50:31:50:Infinity:51:12:61:Infinity":3,"f:57:75:57:90":3,"s:57:90:57:105":17},"fnNames":{}}}
,"C:\\Users\\rebed\\OneDrive\\Documentos\\EbacProyects\\Voxflix-V2\\VoxFlix-Plus\\src\\components\\MovieDetails\\styles.js": {"path":"C:\\Users\\rebed\\OneDrive\\Documentos\\EbacProyects\\Voxflix-V2\\VoxFlix-Plus\\src\\components\\MovieDetails\\styles.js","statementMap":{"0":{"start":{"line":3,"column":21},"end":{"line":3,"column":null}},"1":{"start":{"line":17,"column":17},"end":{"line":17,"column":null}},"2":{"start":{"line":25,"column":16},"end":{"line":25,"column":null}}},"fnMap":{},"branchMap":{},"s":{"0":1,"1":1,"2":1},"f":{},"b":{},"meta":{"lastBranch":0,"lastFunction":0,"lastStatement":3,"seen":{"s:3:21:3:Infinity":0,"s:17:17:17:Infinity":1,"s:25:16:25:Infinity":2},"fnNames":{}}}
,"C:\\Users\\rebed\\OneDrive\\Documentos\\EbacProyects\\Voxflix-V2\\VoxFlix-Plus\\src\\components\\SearchBar\\index.jsx": {"path":"C:\\Users\\rebed\\OneDrive\\Documentos\\EbacProyects\\Voxflix-V2\\VoxFlix-Plus\\src\\components\\SearchBar\\index.jsx","statementMap":{"0":{"start":{"line":7,"column":6},"end":{"line":39,"column":null}},"1":{"start":{"line":8,"column":10},"end":{"line":8,"column":null}},"2":{"start":{"line":10,"column":10},"end":{"line":13,"column":null}},"3":{"start":{"line":11,"column":8},"end":{"line":11,"column":null}},"4":{"start":{"line":12,"column":8},"end":{"line":12,"column":null}},"5":{"start":{"line":15,"column":10},"end":{"line":18,"column":null}},"6":{"start":{"line":16,"column":8},"end":{"line":16,"column":null}},"7":{"start":{"line":17,"column":8},"end":{"line":17,"column":null}},"8":{"start":{"line":20,"column":4},"end":{"line":37,"column":null}},"9":{"start":{"line":30,"column":37},"end":{"line":30,"column":null}}},"fnMap":{"0":{"name":"(anonymous_0)","decl":{"start":{"line":7,"column":6},"end":{"line":7,"column":19}},"loc":{"start":{"line":7,"column":61},"end":{"line":39,"column":null}},"line":7},"1":{"name":"(anonymous_1)","decl":{"start":{"line":10,"column":10},"end":{"line":10,"column":26}},"loc":{"start":{"line":10,"column":32},"end":{"line":13,"column":null}},"line":10},"2":{"name":"(anonymous_2)","decl":{"start":{"line":15,"column":10},"end":{"line":15,"column":32}},"loc":{"start":{"line":15,"column":32},"end":{"line":18,"column":null}},"line":15},"3":{"name":"(anonymous_3)","decl":{"start":{"line":30,"column":20},"end":{"line":30,"column":31}},"loc":{"start":{"line":30,"column":37},"end":{"line":30,"column":null}},"line":30}},"branchMap":{},"s":{"0":2,"1":32,"2":32,"3":3,"4":3,"5":32,"6":1,"7":1,"8":32,"9":23},"f":{"0":32,"1":3,"2":1,"3":23},"b":{},"meta":{"lastBranch":0,"lastFunction":4,"lastStatement":10,"seen":{"s:7:6:39:Infinity":0,"f:7:6:7:19":0,"s:8:10:8:Infinity":1,"s:10:10:13:Infinity":2,"f:10:10:10:26":1,"s:11:8:11:Infinity":3,"s:12:8:12:Infinity":4,"s:15:10:18:Infinity":5,"f:15:10:15:32":2,"s:16:8:16:Infinity":6,"s:17:8:17:Infinity":7,"s:20:4:37:Infinity":8,"f:30:20:30:31":3,"s:30:37:30:Infinity":9},"fnNames":{}}}
,"C:\\Users\\rebed\\OneDrive\\Documentos\\EbacProyects\\Voxflix-V2\\VoxFlix-Plus\\src\\components\\SearchBar\\styles.js": {"path":"C:\\Users\\rebed\\OneDrive\\Documentos\\EbacProyects\\Voxflix-V2\\VoxFlix-Plus\\src\\components\\SearchBar\\styles.js","statementMap":{"0":{"start":{"line":3,"column":18},"end":{"line":3,"column":null}},"1":{"start":{"line":10,"column":20},"end":{"line":14,"column":null}},"2":{"start":{"line":14,"column":41},"end":{"line":14,"column":64}},"3":{"start":{"line":33,"column":21},"end":{"line":33,"column":null}},"4":{"start":{"line":45,"column":22},"end":{"line":45,"column":null}}},"fnMap":{"0":{"name":"(anonymous_0)","decl":{"start":{"line":14,"column":32},"end":{"line":14,"column":41}},"loc":{"start":{"line":14,"column":41},"end":{"line":14,"column":64}},"line":14}},"branchMap":{},"s":{"0":2,"1":2,"2":32,"3":2,"4":2},"f":{"0":32},"b":{},"meta":{"lastBranch":0,"lastFunction":1,"lastStatement":5,"seen":{"s:3:18:3:Infinity":0,"s:10:20:14:Infinity":1,"f:14:32:14:41":0,"s:14:41:14:64":2,"s:33:21:33:Infinity":3,"s:45:22:45:Infinity":4},"fnNames":{}}}
,"C:\\Users\\rebed\\OneDrive\\Documentos\\EbacProyects\\Voxflix-V2\\VoxFlix-Plus\\src\\components\\SearchPage\\index.jsx": {"path":"C:\\Users\\rebed\\OneDrive\\Documentos\\EbacProyects\\Voxflix-V2\\VoxFlix-Plus\\src\\components\\SearchPage\\index.jsx","statementMap":{"0":{"start":{"line":8,"column":6},"end":{"line":29,"column":null}},"1":{"start":{"line":9,"column":23},"end":{"line":9,"column":null}},"2":{"start":{"line":10,"column":23},"end":{"line":10,"column":null}},"3":{"start":{"line":12,"column":10},"end":{"line":12,"column":null}},"4":{"start":{"line":14,"column":4},"end":{"line":27,"column":null}},"5":{"start":{"line":16,"column":43},"end":{"line":16,"column":null}},"6":{"start":{"line":22,"column":32},"end":{"line":22,"column":null}}},"fnMap":{"0":{"name":"(anonymous_0)","decl":{"start":{"line":8,"column":6},"end":{"line":8,"column":25}},"loc":{"start":{"line":8,"column":25},"end":{"line":29,"column":null}},"line":8},"1":{"name":"(anonymous_1)","decl":{"start":{"line":16,"column":28},"end":{"line":16,"column":43}},"loc":{"start":{"line":16,"column":43},"end":{"line":16,"column":null}},"line":16},"2":{"name":"(anonymous_2)","decl":{"start":{"line":22,"column":16},"end":{"line":22,"column":32}},"loc":{"start":{"line":22,"column":32},"end":{"line":22,"column":null}},"line":22}},"branchMap":{},"s":{"0":1,"1":1,"2":1,"3":1,"4":1,"5":1,"6":0},"f":{"0":1,"1":1,"2":0},"b":{},"meta":{"lastBranch":0,"lastFunction":3,"lastStatement":7,"seen":{"s:8:6:29:Infinity":0,"f:8:6:8:25":0,"s:9:23:9:Infinity":1,"s:10:23:10:Infinity":2,"s:12:10:12:Infinity":3,"s:14:4:27:Infinity":4,"f:16:28:16:43":1,"s:16:43:16:Infinity":5,"f:22:16:22:32":2,"s:22:32:22:Infinity":6},"fnNames":{}}}
,"C:\\Users\\rebed\\OneDrive\\Documentos\\EbacProyects\\Voxflix-V2\\VoxFlix-Plus\\src\\components\\SearchPage\\styles.js": {"path":"C:\\Users\\rebed\\OneDrive\\Documentos\\EbacProyects\\Voxflix-V2\\VoxFlix-Plus\\src\\components\\SearchPage\\styles.js","statementMap":{"0":{"start":{"line":3,"column":25},"end":{"line":3,"column":null}},"1":{"start":{"line":12,"column":23},"end":{"line":12,"column":null}},"2":{"start":{"line":25,"column":16},"end":{"line":25,"column":null}}},"fnMap":{},"branchMap":{},"s":{"0":1,"1":1,"2":1},"f":{},"b":{},"meta":{"lastBranch":0,"lastFunction":0,"lastStatement":3,"seen":{"s:3:25:3:Infinity":0,"s:12:23:12:Infinity":1,"s:25:16:25:Infinity":2},"fnNames":{}}}
,"C:\\Users\\rebed\\OneDrive\\Documentos\\EbacProyects\\Voxflix-V2\\VoxFlix-Plus\\src\\components\\SearchResults\\index.jsx": {"path":"C:\\Users\\rebed\\OneDrive\\Documentos\\EbacProyects\\Voxflix-V2\\VoxFlix-Plus\\src\\components\\SearchResults\\index.jsx","statementMap":{"0":{"start":{"line":7,"column":6},"end":{"line":55,"column":null}},"1":{"start":{"line":8,"column":10},"end":{"line":10,"column":null}},"2":{"start":{"line":9,"column":17},"end":{"line":9,"column":null}},"3":{"start":{"line":12,"column":10},"end":{"line":14,"column":null}},"4":{"start":{"line":13,"column":17},"end":{"line":13,"column":null}},"5":{"start":{"line":16,"column":10},"end":{"line":18,"column":null}},"6":{"start":{"line":17,"column":17},"end":{"line":17,"column":null}},"7":{"start":{"line":20,"column":10},"end":{"line":20,"column":null}},"8":{"start":{"line":22,"column":4},"end":{"line":24,"column":null}},"9":{"start":{"line":23,"column":8},"end":{"line":23,"column":null}},"10":{"start":{"line":27,"column":4},"end":{"line":53,"column":null}},"11":{"start":{"line":42,"column":55},"end":{"line":42,"column":null}},"12":{"start":{"line":44,"column":20},"end":{"line":50,"column":null}}},"fnMap":{"0":{"name":"(anonymous_0)","decl":{"start":{"line":7,"column":6},"end":{"line":7,"column":23}},"loc":{"start":{"line":7,"column":41},"end":{"line":55,"column":null}},"line":7},"1":{"name":"(anonymous_1)","decl":{"start":{"line":8,"column":23},"end":{"line":8,"column":null}},"loc":{"start":{"line":9,"column":17},"end":{"line":9,"column":null}},"line":9},"2":{"name":"(anonymous_2)","decl":{"start":{"line":12,"column":22},"end":{"line":12,"column":null}},"loc":{"start":{"line":13,"column":17},"end":{"line":13,"column":null}},"line":13},"3":{"name":"(anonymous_3)","decl":{"start":{"line":16,"column":18},"end":{"line":16,"column":null}},"loc":{"start":{"line":17,"column":17},"end":{"line":17,"column":null}},"line":17},"4":{"name":"(anonymous_4)","decl":{"start":{"line":22,"column":4},"end":{"line":22,"column":20}},"loc":{"start":{"line":22,"column":20},"end":{"line":24,"column":7}},"line":22},"5":{"name":"(anonymous_5)","decl":{"start":{"line":41,"column":52},"end":{"line":41,"column":57}},"loc":{"start":{"line":41,"column":67},"end":{"line":52,"column":17}},"line":41}},"branchMap":{"0":{"loc":{"start":{"line":29,"column":13},"end":{"line":30,"column":null}},"type":"binary-expr","locations":[{"start":{"line":29,"column":13},"end":{"line":29,"column":null}},{"start":{"line":30,"column":20},"end":{"line":30,"column":null}}],"line":29},"1":{"loc":{"start":{"line":33,"column":17},"end":{"line":34,"column":null}},"type":"binary-expr","locations":[{"start":{"line":33,"column":17},"end":{"line":33,"column":null}},{"start":{"line":34,"column":20},"end":{"line":34,"column":null}}],"line":33},"2":{"loc":{"start":{"line":37,"column":17},"end":{"line":38,"column":null}},"type":"binary-expr","locations":[{"start":{"line":37,"column":17},"end":{"line":37,"column":31}},{"start":{"line":37,"column":31},"end":{"line":37,"column":41}},{"start":{"line":37,"column":41},"end":{"line":37,"column":null}},{"start":{"line":38,"column":20},"end":{"line":38,"column":null}}],"line":37},"3":{"loc":{"start":{"line":41,"column":17},"end":{"line":52,"column":null}},"type":"binary-expr","locations":[{"start":{"line":41,"column":17},"end":{"line":41,"column":31}},{"start":{"line":41,"column":31},"end":{"line":41,"column":41}},{"start":{"line":41,"column":41},"end":{"line":52,"column":null}}],"line":41}},"s":{"0":2,"1":11,"2":20,"3":11,"4":20,"5":11,"6":20,"7":11,"8":11,"9":5,"10":11,"11":20,"12":20},"f":{"0":11,"1":20,"2":20,"3":20,"4":5,"5":20},"b":{"0":[11,0],"1":[11,0],"2":[11,11,11,1],"3":[11,11,11]},"meta":{"lastBranch":4,"lastFunction":6,"lastStatement":13,"seen":{"s:7:6:55:Infinity":0,"f:7:6:7:23":0,"s:8:10:10:Infinity":1,"f:8:23:8:Infinity":1,"s:9:17:9:Infinity":2,"s:12:10:14:Infinity":3,"f:12:22:12:Infinity":2,"s:13:17:13:Infinity":4,"s:16:10:18:Infinity":5,"f:16:18:16:Infinity":3,"s:17:17:17:Infinity":6,"s:20:10:20:Infinity":7,"s:22:4:24:Infinity":8,"f:22:4:22:20":4,"s:23:8:23:Infinity":9,"s:27:4:53:Infinity":10,"b:29:13:29:Infinity:30:20:30:Infinity":0,"b:33:17:33:Infinity:34:20:34:Infinity":1,"b:37:17:37:31:37:31:37:41:37:41:37:Infinity:38:20:38:Infinity":2,"b:41:17:41:31:41:31:41:41:41:41:52:Infinity":3,"f:41:52:41:57":5,"s:42:55:42:Infinity":11,"s:44:20:50:Infinity":12},"fnNames":{}}}
,"C:\\Users\\rebed\\OneDrive\\Documentos\\EbacProyects\\Voxflix-V2\\VoxFlix-Plus\\src\\components\\SearchResults\\styles.js": {"path":"C:\\Users\\rebed\\OneDrive\\Documentos\\EbacProyects\\Voxflix-V2\\VoxFlix-Plus\\src\\components\\SearchResults\\styles.js","statementMap":{"0":{"start":{"line":3,"column":19},"end":{"line":3,"column":null}}},"fnMap":{},"branchMap":{},"s":{"0":2},"f":{},"b":{},"meta":{"lastBranch":0,"lastFunction":0,"lastStatement":1,"seen":{"s:3:19:3:Infinity":0},"fnNames":{}}}
,"C:\\Users\\rebed\\OneDrive\\Documentos\\EbacProyects\\Voxflix-V2\\VoxFlix-Plus\\src\\redux\\store.js": {"path":"C:\\Users\\rebed\\OneDrive\\Documentos\\EbacProyects\\Voxflix-V2\\VoxFlix-Plus\\src\\redux\\store.js","statementMap":{"0":{"start":{"line":5,"column":6},"end":{"line":10,"column":null}}},"fnMap":{},"branchMap":{},"s":{"0":5},"f":{},"b":{},"meta":{"lastBranch":0,"lastFunction":0,"lastStatement":1,"seen":{"s:5:6:10:Infinity":0},"fnNames":{}}}
,"C:\\Users\\rebed\\OneDrive\\Documentos\\EbacProyects\\Voxflix-V2\\VoxFlix-Plus\\src\\redux\\slices\\carousel.slice.js": {"path":"C:\\Users\\rebed\\OneDrive\\Documentos\\EbacProyects\\Voxflix-V2\\VoxFlix-Plus\\src\\redux\\slices\\carousel.slice.js","statementMap":{"0":{"start":{"line":5,"column":13},"end":{"line":17,"column":null}},"1":{"start":{"line":6,"column":18},"end":{"line":6,"column":null}},"2":{"start":{"line":6,"column":38},"end":{"line":6,"column":61}},"3":{"start":{"line":7,"column":20},"end":{"line":7,"column":null}},"4":{"start":{"line":9,"column":26},"end":{"line":11,"column":null}},"5":{"start":{"line":13,"column":4},"end":{"line":16,"column":null}},"6":{"start":{"line":19,"column":6},"end":{"line":51,"column":null}},"7":{"start":{"line":28,"column":8},"end":{"line":49,"column":null}},"8":{"start":{"line":30,"column":38},"end":{"line":30,"column":null}},"9":{"start":{"line":31,"column":16},"end":{"line":31,"column":null}},"10":{"start":{"line":32,"column":16},"end":{"line":32,"column":null}},"11":{"start":{"line":36,"column":38},"end":{"line":36,"column":null}},"12":{"start":{"line":37,"column":46},"end":{"line":37,"column":null}},"13":{"start":{"line":39,"column":16},"end":{"line":39,"column":null}},"14":{"start":{"line":40,"column":16},"end":{"line":40,"column":null}},"15":{"start":{"line":41,"column":16},"end":{"line":41,"column":null}},"16":{"start":{"line":45,"column":38},"end":{"line":45,"column":null}},"17":{"start":{"line":47,"column":16},"end":{"line":47,"column":null}},"18":{"start":{"line":48,"column":16},"end":{"line":48,"column":null}}},"fnMap":{"0":{"name":"(anonymous_0)","decl":{"start":{"line":5,"column":85},"end":{"line":5,"column":92}},"loc":{"start":{"line":5,"column":106},"end":{"line":17,"column":1}},"line":5},"1":{"name":"(anonymous_1)","decl":{"start":{"line":6,"column":25},"end":{"line":6,"column":30}},"loc":{"start":{"line":6,"column":38},"end":{"line":6,"column":61}},"line":6},"2":{"name":"(anonymous_2)","decl":{"start":{"line":27,"column":4},"end":{"line":27,"column":20}},"loc":{"start":{"line":27,"column":32},"end":{"line":50,"column":null}},"line":27},"3":{"name":"(anonymous_3)","decl":{"start":{"line":29,"column":41},"end":{"line":29,"column":51}},"loc":{"start":{"line":29,"column":69},"end":{"line":33,"column":13}},"line":29},"4":{"name":"(anonymous_4)","decl":{"start":{"line":35,"column":41},"end":{"line":35,"column":53}},"loc":{"start":{"line":35,"column":71},"end":{"line":42,"column":13}},"line":35},"5":{"name":"(anonymous_5)","decl":{"start":{"line":44,"column":41},"end":{"line":44,"column":52}},"loc":{"start":{"line":44,"column":70},"end":{"line":49,"column":13}},"line":44}},"branchMap":{"0":{"loc":{"start":{"line":7,"column":20},"end":{"line":7,"column":null}},"type":"cond-expr","locations":[{"start":{"line":7,"column":28},"end":{"line":7,"column":39}},{"start":{"line":7,"column":39},"end":{"line":7,"column":null}}],"line":7}},"s":{"0":4,"1":6,"2":40,"3":6,"4":6,"5":0,"6":4,"7":4,"8":6,"9":6,"10":6,"11":0,"12":0,"13":0,"14":0,"15":0,"16":0,"17":0,"18":0},"f":{"0":6,"1":40,"2":4,"3":6,"4":0,"5":0},"b":{"0":[6,0]},"meta":{"lastBranch":1,"lastFunction":6,"lastStatement":19,"seen":{"s:5:13:17:Infinity":0,"f:5:85:5:92":0,"s:6:18:6:Infinity":1,"f:6:25:6:30":1,"s:6:38:6:61":2,"s:7:20:7:Infinity":3,"b:7:28:7:39:7:39:7:Infinity":0,"s:9:26:11:Infinity":4,"s:13:4:16:Infinity":5,"s:19:6:51:Infinity":6,"f:27:4:27:20":2,"s:28:8:49:Infinity":7,"f:29:41:29:51":3,"s:30:38:30:Infinity":8,"s:31:16:31:Infinity":9,"s:32:16:32:Infinity":10,"f:35:41:35:53":4,"s:36:38:36:Infinity":11,"s:37:46:37:Infinity":12,"s:39:16:39:Infinity":13,"s:40:16:40:Infinity":14,"s:41:16:41:Infinity":15,"f:44:41:44:52":5,"s:45:38:45:Infinity":16,"s:47:16:47:Infinity":17,"s:48:16:48:Infinity":18},"fnNames":{}}}
,"C:\\Users\\rebed\\OneDrive\\Documentos\\EbacProyects\\Voxflix-V2\\VoxFlix-Plus\\src\\redux\\slices\\genresList.js": {"path":"C:\\Users\\rebed\\OneDrive\\Documentos\\EbacProyects\\Voxflix-V2\\VoxFlix-Plus\\src\\redux\\slices\\genresList.js","statementMap":{"0":{"start":{"line":1,"column":22},"end":{"line":78,"column":null}}},"fnMap":{},"branchMap":{},"s":{"0":4},"f":{},"b":{},"meta":{"lastBranch":0,"lastFunction":0,"lastStatement":1,"seen":{"s:1:22:78:Infinity":0},"fnNames":{}}}
,"C:\\Users\\rebed\\OneDrive\\Documentos\\EbacProyects\\Voxflix-V2\\VoxFlix-Plus\\src\\redux\\slices\\search.slice.js": {"path":"C:\\Users\\rebed\\OneDrive\\Documentos\\EbacProyects\\Voxflix-V2\\VoxFlix-Plus\\src\\redux\\slices\\search.slice.js","statementMap":{"0":{"start":{"line":4,"column":13},"end":{"line":11,"column":null}},"1":{"start":{"line":6,"column":26},"end":{"line":8,"column":null}},"2":{"start":{"line":10,"column":4},"end":{"line":10,"column":null}},"3":{"start":{"line":13,"column":6},"end":{"line":46,"column":null}},"4":{"start":{"line":22,"column":12},"end":{"line":22,"column":null}},"5":{"start":{"line":23,"column":12},"end":{"line":23,"column":null}},"6":{"start":{"line":24,"column":12},"end":{"line":24,"column":null}},"7":{"start":{"line":28,"column":8},"end":{"line":44,"column":null}},"8":{"start":{"line":30,"column":16},"end":{"line":30,"column":null}},"9":{"start":{"line":31,"column":16},"end":{"line":31,"column":null}},"10":{"start":{"line":36,"column":16},"end":{"line":36,"column":null}},"11":{"start":{"line":37,"column":16},"end":{"line":37,"column":null}},"12":{"start":{"line":38,"column":16},"end":{"line":38,"column":null}},"13":{"start":{"line":42,"column":16},"end":{"line":42,"column":null}},"14":{"start":{"line":43,"column":16},"end":{"line":43,"column":null}},"15":{"start":{"line":48,"column":30},"end":{"line":48,"column":null}},"16":{"start":{"line":49,"column":33},"end":{"line":49,"column":null}}},"fnMap":{"0":{"name":"(anonymous_0)","decl":{"start":{"line":4,"column":81},"end":{"line":4,"column":88}},"loc":{"start":{"line":4,"column":102},"end":{"line":11,"column":1}},"line":4},"1":{"name":"(anonymous_1)","decl":{"start":{"line":21,"column":8},"end":{"line":21,"column":23}},"loc":{"start":{"line":21,"column":32},"end":{"line":25,"column":null}},"line":21},"2":{"name":"(anonymous_2)","decl":{"start":{"line":27,"column":4},"end":{"line":27,"column":20}},"loc":{"start":{"line":27,"column":32},"end":{"line":45,"column":null}},"line":27},"3":{"name":"(anonymous_3)","decl":{"start":{"line":29,"column":39},"end":{"line":29,"column":49}},"loc":{"start":{"line":29,"column":59},"end":{"line":32,"column":13}},"line":29},"4":{"name":"(anonymous_4)","decl":{"start":{"line":34,"column":39},"end":{"line":34,"column":51}},"loc":{"start":{"line":34,"column":69},"end":{"line":39,"column":13}},"line":34},"5":{"name":"(anonymous_5)","decl":{"start":{"line":41,"column":39},"end":{"line":41,"column":50}},"loc":{"start":{"line":41,"column":60},"end":{"line":44,"column":13}},"line":41}},"branchMap":{},"s":{"0":3,"1":0,"2":0,"3":3,"4":1,"5":1,"6":1,"7":3,"8":0,"9":0,"10":0,"11":0,"12":0,"13":0,"14":0,"15":3,"16":3},"f":{"0":0,"1":1,"2":3,"3":0,"4":0,"5":0},"b":{},"meta":{"lastBranch":0,"lastFunction":6,"lastStatement":17,"seen":{"s:4:13:11:Infinity":0,"f:4:81:4:88":0,"s:6:26:8:Infinity":1,"s:10:4:10:Infinity":2,"s:13:6:46:Infinity":3,"f:21:8:21:23":1,"s:22:12:22:Infinity":4,"s:23:12:23:Infinity":5,"s:24:12:24:Infinity":6,"f:27:4:27:20":2,"s:28:8:44:Infinity":7,"f:29:39:29:49":3,"s:30:16:30:Infinity":8,"s:31:16:31:Infinity":9,"f:34:39:34:51":4,"s:36:16:36:Infinity":10,"s:37:16:37:Infinity":11,"s:38:16:38:Infinity":12,"f:41:39:41:50":5,"s:42:16:42:Infinity":13,"s:43:16:43:Infinity":14,"s:48:30:48:Infinity":15,"s:49:33:49:Infinity":16},"fnNames":{}}}
,"C:\\Users\\rebed\\OneDrive\\Documentos\\EbacProyects\\Voxflix-V2\\VoxFlix-Plus\\src\\theme\\index.jsx": {"path":"C:\\Users\\rebed\\OneDrive\\Documentos\\EbacProyects\\Voxflix-V2\\VoxFlix-Plus\\src\\theme\\index.jsx","statementMap":{"0":{"start":{"line":1,"column":14},"end":{"line":20,"column":null}}},"fnMap":{},"branchMap":{},"s":{"0":7},"f":{},"b":{},"meta":{"lastBranch":0,"lastFunction":0,"lastStatement":1,"seen":{"s:1:14:20:Infinity":0},"fnNames":{}}}
}
